<?xml version="1.0" encoding="UTF-8"?>
<!-- Generated by org.testng.reporters.JUnitReportReporter -->
<testsuite skipped="0" hostname="cumupunws126" name="learnMockito.MathApplicationTest" tests="3" failures="0" timestamp="03 Jun 2019 09:20:04 GMT" time="0.093" errors="0">
  <testcase name="add" time="0.016" classname="learnMockito.MathApplicationTest"/>
  <testcase name="testAddException" time="0.009" classname="learnMockito.MathApplicationTest"/>
  <testcase name="testAddThroughAnonymousClass" time="0.068" classname="learnMockito.MathApplicationTest"/>
</testsuite> <!-- learnMockito.MathApplicationTest -->
