<?xml version="1.0" encoding="UTF-8"?>
<!-- Generated by org.testng.reporters.JUnitReportReporter -->
<testsuite skipped="0" hostname="cumupunws126" name="learnTestNG.DataProviderParamTest" tests="10" failures="0" timestamp="03 Jun 2019 09:44:49 GMT" time="0.013" errors="0">
  <testcase name="testObjData" time="0.001" classname="learnTestNG.DataProviderParamTest"/>
  <testcase name="testIterableData" time="0.004" classname="learnTestNG.DataProviderParamTest"/>
  <testcase name="testIterableData" time="0.001" classname="learnTestNG.DataProviderParamTest"/>
  <testcase name="testIterableData" time="0.001" classname="learnTestNG.DataProviderParamTest"/>
  <testcase name="testPrime" time="0.001" classname="learnTestNG.DataProviderParamTest"/>
  <testcase name="testObjData" time="0.001" classname="learnTestNG.DataProviderParamTest"/>
  <testcase name="testObjData" time="0.001" classname="learnTestNG.DataProviderParamTest"/>
  <testcase name="testPrime" time="0.000" classname="learnTestNG.DataProviderParamTest"/>
  <testcase name="testPrime" time="0.002" classname="learnTestNG.DataProviderParamTest"/>
  <testcase name="testPrime" time="0.001" classname="learnTestNG.DataProviderParamTest"/>
</testsuite> <!-- learnTestNG.DataProviderParamTest -->
