<?xml version="1.0" encoding="UTF-8"?>
<!-- Generated by org.testng.reporters.JUnitReportReporter -->
<testsuite skipped="0" hostname="cumupunws126" name="learnTestNG.TestLifeCycle" tests="3" failures="0" timestamp="03 Jun 2019 09:49:07 GMT" time="0.009" errors="0">
  <testcase name="test1" time="0.001" classname="learnTestNG.TestLifeCycle"/>
  <testcase name="test" time="0.006" classname="learnTestNG.TestLifeCycle"/>
  <testcase name="test2" time="0.002" classname="learnTestNG.TestLifeCycle"/>
</testsuite> <!-- learnTestNG.TestLifeCycle -->
