<?xml version="1.0" encoding="UTF-8"?>
<!-- Generated by org.testng.reporters.JUnitReportReporter -->
<testsuite skipped="0" hostname="cumupunws126" name="learnTestNG.NewTest1" tests="1" failures="0" timestamp="26 Sep 2018 11:28:51 GMT" time="0.008" errors="0">
  <testcase name="f" time="0.008" classname="learnTestNG.NewTest1"/>
</testsuite> <!-- learnTestNG.NewTest1 -->
